<?xml version="1.0" encoding="UTF-8"?>
<!-- Generated by org.testng.reporters.JUnitXMLReporter -->
<testsuite ignored="0" hostname="DESKTOP-4DO5TI3" failures="1" tests="2" name="Test" time="35.399" errors="0" timestamp="2024-07-23T18:36:40 IST">
  <testcase classname="com.comcast.crm.contacttest.createcontactTest" name="createcontactdate" time="8.836"/>
  <testcase classname="com.comcast.crm.contacttest.createcontactTest" name="createcontactdeatils" time="8.23">
    <failure type="java.lang.AssertionError" message="expected [true] but found [false]">
      <![CDATA[java.lang.AssertionError: expected [true] but found [false]
at com.comcast.crm.contacttest.createcontactTest.createcontactdeatils(createcontactTest.java:50)
at java.base/java.util.ArrayList.forEach(ArrayList.java:1511)
... Removed 33 stack frames]]>
    </failure>
  </testcase> <!-- createcontactdeatils -->
</testsuite> <!-- Test -->
